<?xml version="1.0" encoding="UTF-8"?>
<!-- Generated by org.testng.reporters.JUnitReportReporter -->
<testsuite skipped="0" hostname="LAPTOP-FF5I964F" name="LingaRos.LingaPos.CheckDuplicate_MenuHold_Test" tests="1" failures="0" timestamp="2022-07-24T13:13:02 IST" time="51.707" errors="0">
  <testcase name="CheckDuplicate_MenuHold" time="51.707" classname="LingaRos.LingaPos.CheckDuplicate_MenuHold_Test"/>
  <system-out/>
</testsuite> <!-- LingaRos.LingaPos.CheckDuplicate_MenuHold_Test -->
