<?xml version="1.0" encoding="UTF-8"?>
<!-- Generated by org.testng.reporters.JUnitReportReporter -->
<testsuite skipped="0" hostname="LAPTOP-FF5I964F" name="LingaRos.LingaPos.AndroidInstall" tests="1" failures="0" timestamp="2022-07-23T14:32:57 IST" time="42.799" errors="0">
  <testcase name="InstallAndroidAlone" time="42.799" classname="LingaRos.LingaPos.AndroidInstall"/>
  <system-out/>
</testsuite> <!-- LingaRos.LingaPos.AndroidInstall -->
