<?xml version="1.0" encoding="UTF-8"?>
<!-- Generated by org.testng.reporters.JUnitReportReporter -->
<testsuite skipped="0" hostname="LAPTOP-FF5I964F" name="LingaAndroid.LingaAllure.LingaTestInstall" tests="1" failures="0" timestamp="2022-06-04T15:40:38 IST" time="75.917" errors="0">
  <testcase name="tryOne" time="75.917" classname="LingaAndroid.LingaAllure.LingaTestInstall"/>
  <system-out/>
</testsuite> <!-- LingaAndroid.LingaAllure.LingaTestInstall -->
