<?xml version="1.0" encoding="UTF-8"?>
<!-- Generated by org.testng.reporters.JUnitReportReporter -->
<testsuite skipped="0" hostname="LAPTOP-FF5I964F" name="LingaAndroid.LingaAllure.LingaTest3" tests="1" failures="0" timestamp="2022-04-20T22:48:14 IST" time="149.823" errors="0">
  <testcase name="tryOne" time="149.823" classname="LingaAndroid.LingaAllure.LingaTest3"/>
  <system-out/>
</testsuite> <!-- LingaAndroid.LingaAllure.LingaTest3 -->
