<?xml version="1.0" encoding="UTF-8"?>
<!-- Generated by org.testng.reporters.JUnitReportReporter -->
<testsuite skipped="0" hostname="LAPTOP-FF5I964F" name="LingaAndroid.LingaAllure.LingaTestInstall" tests="1" failures="0" timestamp="2022-04-23T11:14:34 IST" time="59.608" errors="0">
  <testcase name="tryOne" time="59.608" classname="LingaAndroid.LingaAllure.LingaTestInstall"/>
  <system-out/>
</testsuite> <!-- LingaAndroid.LingaAllure.LingaTestInstall -->
