<?xml version="1.0" encoding="UTF-8"?>
<!-- Generated by org.testng.reporters.JUnitReportReporter -->
<testsuite skipped="0" hostname="LAPTOP-FF5I964F" name="LingaRos.LingaPos.CheckSkip_OnOpeningAnyActiveCheck_Test" tests="1" failures="0" timestamp="2022-07-24T15:13:09 IST" time="54.957" errors="0">
  <testcase name="CheckSkip_OnOpeningAnyActiveCheck" time="54.957" classname="LingaRos.LingaPos.CheckSkip_OnOpeningAnyActiveCheck_Test"/>
  <system-out/>
</testsuite> <!-- LingaRos.LingaPos.CheckSkip_OnOpeningAnyActiveCheck_Test -->
