<?xml version="1.0" encoding="UTF-8"?>
<!-- Generated by org.testng.reporters.JUnitReportReporter -->
<testsuite skipped="0" hostname="LAPTOP-FF5I964F" name="LingaAndroid.LingaAllure.RandomTest" tests="1" failures="0" timestamp="2022-06-04T17:50:13 IST" time="44.935" errors="0">
  <testcase name="tryOne" time="44.935" classname="LingaAndroid.LingaAllure.RandomTest"/>
  <system-out/>
</testsuite> <!-- LingaAndroid.LingaAllure.RandomTest -->
