<?xml version="1.0" encoding="UTF-8"?>
<!-- Generated by org.testng.reporters.JUnitReportReporter -->
<testsuite skipped="0" hostname="LAPTOP-FF5I964F" name="TestPos.LingaRos.RandomTest" tests="1" failures="0" timestamp="2022-07-15T13:43:13 IST" time="21.619" errors="0">
  <testcase name="tryOne" time="21.619" classname="TestPos.LingaRos.RandomTest"/>
  <system-out/>
</testsuite> <!-- TestPos.LingaRos.RandomTest -->
